0 info it worked if it ends with ok
1 verbose cli [ '/usr/local/bin/node', '/usr/local/bin/npm', 'start' ]
2 info using npm@1.4.28
3 info using node@v0.10.32
4 verbose run-script [ 'prestart', 'start', 'poststart' ]
5 info prestart self-learning@1.0.0
6 info start self-learning@1.0.0
7 verbose unsafe-perm in lifecycle true
8 info self-learning@1.0.0 Failed to exec start script
9 error self-learning@1.0.0 start: `node server.js`
9 error Exit status 8
10 error Failed at the self-learning@1.0.0 start script.
10 error This is most likely a problem with the self-learning package,
10 error not with npm itself.
10 error Tell the author that this fails on your system:
10 error     node server.js
10 error You can get their info via:
10 error     npm owner ls self-learning
10 error There is likely additional logging output above.
11 error System Linux 5.0.0-37-generic
12 error command "/usr/local/bin/node" "/usr/local/bin/npm" "start"
13 error cwd /media/ashan/38228CD3228C9790/Users/bee97/Desktop/projects/nodejs-test
14 error node -v v0.10.32
15 error npm -v 1.4.28
16 error code ELIFECYCLE
17 verbose exit [ 1, true ]
